2025-05-29 20:22:52 [main] INFO  c.e.demo.SneakerKneeApplication - Starting SneakerKneeApplication using Java 17.0.12 with PID 17132 (C:\Users\mat_m\IdeaProjects\SneakerKnee\target\classes started by matw in C:\Users\mat_m\IdeaProjects\SneakerKnee)
2025-05-29 20:22:52 [main] INFO  c.e.demo.SneakerKneeApplication - No active profile set, falling back to 1 default profile: "default"
2025-05-29 20:22:53 [main] INFO  o.s.d.r.c.RepositoryConfigurationDelegate - Bootstrapping Spring Data JPA repositories in DEFAULT mode.
2025-05-29 20:22:53 [main] INFO  o.s.d.r.c.RepositoryConfigurationDelegate - Finished Spring Data repository scanning in 43 ms. Found 3 JPA repository interfaces.
2025-05-29 20:22:53 [main] INFO  o.s.b.w.e.tomcat.TomcatWebServer - Tomcat initialized with port 8080 (http)
2025-05-29 20:22:53 [main] INFO  o.a.catalina.core.StandardService - Starting service [Tomcat]
2025-05-29 20:22:53 [main] INFO  o.a.catalina.core.StandardEngine - Starting Servlet engine: [Apache Tomcat/10.1.39]
2025-05-29 20:22:53 [main] INFO  o.a.c.c.C.[Tomcat].[localhost].[/] - Initializing Spring embedded WebApplicationContext
2025-05-29 20:22:53 [main] INFO  o.s.b.w.s.c.ServletWebServerApplicationContext - Root WebApplicationContext: initialization completed in 1195 ms
2025-05-29 20:22:53 [main] INFO  com.zaxxer.hikari.HikariDataSource - HikariPool-1 - Starting...
2025-05-29 20:22:54 [main] INFO  com.zaxxer.hikari.pool.HikariPool - HikariPool-1 - Added connection org.postgresql.jdbc.PgConnection@119290b9
2025-05-29 20:22:54 [main] INFO  com.zaxxer.hikari.HikariDataSource - HikariPool-1 - Start completed.
2025-05-29 20:22:54 [main] INFO  liquibase.database - Set default schema name to public
2025-05-29 20:22:54 [main] INFO  liquibase.changelog - Creating database history table with name: public.databasechangelog
2025-05-29 20:22:54 [main] INFO  liquibase.changelog - Reading from public.databasechangelog
2025-05-29 20:22:54 [main] INFO  liquibase.lockservice - Successfully acquired change log lock
2025-05-29 20:22:54 [main] INFO  liquibase.command - Using deploymentId: 8535774777
2025-05-29 20:22:54 [main] INFO  liquibase.changelog - Reading from public.databasechangelog
2025-05-29 20:22:54 [main] INFO  liquibase.ui - Running Changeset: db/changelog/db.changelog-1.0.xml::1::bochkarev
2025-05-29 20:22:54 [main] INFO  liquibase.changelog - Table users created
2025-05-29 20:22:54 [main] INFO  liquibase.changelog - ChangeSet db/changelog/db.changelog-1.0.xml::1::bochkarev ran successfully in 8ms
2025-05-29 20:22:54 [main] INFO  liquibase.ui - Running Changeset: db/changelog/db.changelog-1.0.xml::2::bochkarev
2025-05-29 20:22:54 [main] INFO  liquibase.changelog - Table products created
2025-05-29 20:22:54 [main] INFO  liquibase.changelog - ChangeSet db/changelog/db.changelog-1.0.xml::2::bochkarev ran successfully in 8ms
2025-05-29 20:22:54 [main] INFO  liquibase.ui - Running Changeset: db/changelog/db.changelog-1.0.xml::3::bochkarev
2025-05-29 20:22:54 [main] INFO  liquibase.changelog - Table orders created
2025-05-29 20:22:54 [main] INFO  liquibase.changelog - ChangeSet db/changelog/db.changelog-1.0.xml::3::bochkarev ran successfully in 6ms
2025-05-29 20:22:54 [main] INFO  liquibase.ui - Running Changeset: db/changelog/db.changelog-1.0.xml::4::bochkarev
2025-05-29 20:22:54 [main] INFO  liquibase.changelog - Columns role(varchar(50)) added to users
2025-05-29 20:22:54 [main] INFO  liquibase.changelog - ChangeSet db/changelog/db.changelog-1.0.xml::4::bochkarev ran successfully in 2ms
2025-05-29 20:22:54 [main] INFO  liquibase.util - UPDATE SUMMARY
2025-05-29 20:22:54 [main] INFO  liquibase.util - Run:                          4
2025-05-29 20:22:54 [main] INFO  liquibase.util - Previously run:               0
2025-05-29 20:22:54 [main] INFO  liquibase.util - Filtered out:                 0
2025-05-29 20:22:54 [main] INFO  liquibase.util - -------------------------------
2025-05-29 20:22:54 [main] INFO  liquibase.util - Total change sets:            4
2025-05-29 20:22:54 [main] INFO  liquibase.util - Update summary generated
2025-05-29 20:22:54 [main] INFO  liquibase.command - Update command completed successfully.
2025-05-29 20:22:54 [main] INFO  liquibase.ui - Liquibase: Update has been successful. Rows affected: 4
2025-05-29 20:22:54 [main] INFO  liquibase.lockservice - Successfully released change log lock
2025-05-29 20:22:54 [main] INFO  liquibase.command - Command execution complete
2025-05-29 20:22:54 [main] INFO  o.h.jpa.internal.util.LogHelper - HHH000204: Processing PersistenceUnitInfo [name: default]
2025-05-29 20:22:54 [main] INFO  org.hibernate.Version - HHH000412: Hibernate ORM core version 6.6.11.Final
2025-05-29 20:22:54 [main] INFO  o.h.c.i.RegionFactoryInitiator - HHH000026: Second-level cache disabled
2025-05-29 20:22:55 [main] INFO  o.s.o.j.p.SpringPersistenceUnitInfo - No LoadTimeWeaver setup: ignoring JPA class transformer
2025-05-29 20:22:55 [main] WARN  org.hibernate.orm.deprecation - HHH90000025: PostgreSQLDialect does not need to be specified explicitly using 'hibernate.dialect' (remove the property setting and it will be selected by default)
2025-05-29 20:22:55 [main] INFO  o.hibernate.orm.connections.pooling - HHH10001005: Database info:
	Database JDBC URL [Connecting through datasource 'HikariDataSource (HikariPool-1)']
	Database driver: undefined/unknown
	Database version: 17.5
	Autocommit mode: undefined/unknown
	Isolation level: undefined/unknown
	Minimum pool size: undefined/unknown
	Maximum pool size: undefined/unknown
2025-05-29 20:22:55 [main] INFO  o.h.e.t.j.p.i.JtaPlatformInitiator - HHH000489: No JTA platform available (set 'hibernate.transaction.jta.platform' to enable JTA platform integration)
2025-05-29 20:22:56 [main] INFO  o.s.o.j.LocalContainerEntityManagerFactoryBean - Initialized JPA EntityManagerFactory for persistence unit 'default'
2025-05-29 20:22:56 [main] INFO  o.s.s.c.a.a.c.InitializeUserDetailsBeanManagerConfigurer$InitializeUserDetailsManagerConfigurer - Global AuthenticationManager configured with UserDetailsService bean with name usersService
2025-05-29 20:22:56 [main] INFO  o.s.d.j.r.query.QueryEnhancerFactory - Hibernate is in classpath; If applicable, HQL parser will be used.
2025-05-29 20:22:56 [main] INFO  c.example.demo.service.OrdersService - OrdersService initialized
2025-05-29 20:22:56 [main] INFO  c.e.demo.service.ProductsService - ProductsService initialized
2025-05-29 20:22:56 [main] INFO  c.e.demo.controller.UsersController - UsersController initialized
2025-05-29 20:22:56 [main] WARN  o.s.b.a.o.j.JpaBaseConfiguration$JpaWebConfiguration - spring.jpa.open-in-view is enabled by default. Therefore, database queries may be performed during view rendering. Explicitly configure spring.jpa.open-in-view to disable this warning
2025-05-29 20:22:57 [main] INFO  o.s.b.w.e.tomcat.TomcatWebServer - Tomcat started on port 8080 (http) with context path '/'
2025-05-29 20:22:57 [main] INFO  c.e.demo.SneakerKneeApplication - Started SneakerKneeApplication in 4.946 seconds (process running for 5.234)
2025-05-29 20:22:59 [SpringApplicationShutdownHook] INFO  o.s.b.w.e.tomcat.GracefulShutdown - Commencing graceful shutdown. Waiting for active requests to complete
2025-05-29 20:22:59 [tomcat-shutdown] INFO  o.s.b.w.e.tomcat.GracefulShutdown - Graceful shutdown complete
2025-05-29 20:22:59 [SpringApplicationShutdownHook] INFO  o.s.o.j.LocalContainerEntityManagerFactoryBean - Closing JPA EntityManagerFactory for persistence unit 'default'
2025-05-29 20:22:59 [SpringApplicationShutdownHook] INFO  com.zaxxer.hikari.HikariDataSource - HikariPool-1 - Shutdown initiated...
2025-05-29 20:22:59 [SpringApplicationShutdownHook] INFO  com.zaxxer.hikari.HikariDataSource - HikariPool-1 - Shutdown completed.
2025-05-29 20:23:27 [main] INFO  c.e.d.controller.AuthControllerTest - Starting AuthControllerTest using Java 17.0.12 with PID 11984 (started by matw in C:\Users\mat_m\IdeaProjects\SneakerKnee)
2025-05-29 20:23:27 [main] INFO  c.e.d.controller.AuthControllerTest - No active profile set, falling back to 1 default profile: "default"
2025-05-29 20:23:27 [main] INFO  o.s.d.r.c.RepositoryConfigurationDelegate - Bootstrapping Spring Data JPA repositories in DEFAULT mode.
2025-05-29 20:23:28 [main] INFO  o.s.d.r.c.RepositoryConfigurationDelegate - Finished Spring Data repository scanning in 37 ms. Found 3 JPA repository interfaces.
2025-05-29 20:23:28 [main] INFO  com.zaxxer.hikari.HikariDataSource - HikariPool-1 - Starting...
2025-05-29 20:23:28 [main] INFO  com.zaxxer.hikari.pool.HikariPool - HikariPool-1 - Added connection org.postgresql.jdbc.PgConnection@24e5389c
2025-05-29 20:23:28 [main] INFO  com.zaxxer.hikari.HikariDataSource - HikariPool-1 - Start completed.
2025-05-29 20:23:28 [main] INFO  liquibase.database - Set default schema name to public
2025-05-29 20:23:29 [main] INFO  liquibase.changelog - Reading from public.databasechangelog
2025-05-29 20:23:29 [main] INFO  liquibase.ui - Database is up to date, no changesets to execute
2025-05-29 20:23:29 [main] INFO  liquibase.changelog - Reading from public.databasechangelog
2025-05-29 20:23:29 [main] INFO  liquibase.util - UPDATE SUMMARY
2025-05-29 20:23:29 [main] INFO  liquibase.util - Run:                          0
2025-05-29 20:23:29 [main] INFO  liquibase.util - Previously run:               4
2025-05-29 20:23:29 [main] INFO  liquibase.util - Filtered out:                 0
2025-05-29 20:23:29 [main] INFO  liquibase.util - -------------------------------
2025-05-29 20:23:29 [main] INFO  liquibase.util - Total change sets:            4
2025-05-29 20:23:29 [main] INFO  liquibase.util - Update summary generated
2025-05-29 20:23:29 [main] INFO  liquibase.command - Command execution complete
2025-05-29 20:23:29 [main] INFO  o.h.jpa.internal.util.LogHelper - HHH000204: Processing PersistenceUnitInfo [name: default]
2025-05-29 20:23:29 [main] INFO  org.hibernate.Version - HHH000412: Hibernate ORM core version 6.6.11.Final
2025-05-29 20:23:29 [main] INFO  o.h.c.i.RegionFactoryInitiator - HHH000026: Second-level cache disabled
2025-05-29 20:23:29 [main] INFO  o.s.o.j.p.SpringPersistenceUnitInfo - No LoadTimeWeaver setup: ignoring JPA class transformer
2025-05-29 20:23:29 [main] WARN  org.hibernate.orm.deprecation - HHH90000025: PostgreSQLDialect does not need to be specified explicitly using 'hibernate.dialect' (remove the property setting and it will be selected by default)
2025-05-29 20:23:29 [main] INFO  o.hibernate.orm.connections.pooling - HHH10001005: Database info:
	Database JDBC URL [Connecting through datasource 'HikariDataSource (HikariPool-1)']
	Database driver: undefined/unknown
	Database version: 17.5
	Autocommit mode: undefined/unknown
	Isolation level: undefined/unknown
	Minimum pool size: undefined/unknown
	Maximum pool size: undefined/unknown
2025-05-29 20:23:30 [main] INFO  o.h.e.t.j.p.i.JtaPlatformInitiator - HHH000489: No JTA platform available (set 'hibernate.transaction.jta.platform' to enable JTA platform integration)
2025-05-29 20:23:30 [main] INFO  o.s.o.j.LocalContainerEntityManagerFactoryBean - Initialized JPA EntityManagerFactory for persistence unit 'default'
2025-05-29 20:23:30 [main] INFO  o.s.s.c.a.a.c.InitializeUserDetailsBeanManagerConfigurer$InitializeUserDetailsManagerConfigurer - Global AuthenticationManager configured with UserDetailsService bean with name usersService
2025-05-29 20:23:30 [main] INFO  o.s.d.j.r.query.QueryEnhancerFactory - Hibernate is in classpath; If applicable, HQL parser will be used.
2025-05-29 20:23:30 [main] INFO  c.example.demo.service.OrdersService - OrdersService initialized
2025-05-29 20:23:30 [main] INFO  c.e.demo.service.ProductsService - ProductsService initialized
2025-05-29 20:23:30 [main] INFO  c.e.demo.controller.UsersController - UsersController initialized
2025-05-29 20:23:30 [main] WARN  o.s.b.a.o.j.JpaBaseConfiguration$JpaWebConfiguration - spring.jpa.open-in-view is enabled by default. Therefore, database queries may be performed during view rendering. Explicitly configure spring.jpa.open-in-view to disable this warning
2025-05-29 20:23:31 [main] INFO  c.e.d.controller.AuthControllerTest - Started AuthControllerTest in 4.181 seconds (process running for 4.983)
2025-05-29 20:23:32 [main] INFO  c.e.demo.controller.OrdersController - Updating order status for ID: 1, new status: SHIPPED
2025-05-29 20:23:32 [main] INFO  c.e.demo.controller.OrdersController - Order status updated successfully for ID: 1
2025-05-29 20:23:32 [main] INFO  c.e.demo.controller.OrdersController - Attempt to cancel order with ID: 1
2025-05-29 20:23:32 [main] INFO  c.e.demo.controller.OrdersController - Order canceled successfully with ID: 1
2025-05-29 20:23:32 [main] WARN  c.e.demo.controller.OrdersController - Order with ID 1 not found
2025-05-29 20:23:32 [main] INFO  c.e.demo.controller.OrdersController - Attempt to create order for user: 1, products: [1, 2], address: Test Address
2025-05-29 20:23:32 [main] INFO  c.e.demo.controller.OrdersController - Order created successfully with ID: 1
2025-05-29 20:23:32 [main] INFO  c.e.demo.controller.OrdersController - Attempt to create order for user: 1, products: [1, 2], address: Test Address
2025-05-29 20:23:32 [main] ERROR c.e.demo.controller.OrdersController - Error creating order: Invalid data
2025-05-29 20:23:32 [main] INFO  c.e.d.controller.ProductsController - Attempt to update product ID 1 with data: com.example.demo.model.Products@16374086
2025-05-29 20:23:32 [main] INFO  c.e.d.controller.ProductsController - Product ID 1 updated successfully
2025-05-29 20:23:32 [main] WARN  c.e.d.controller.ProductsController - Product with ID 1 not found
2025-05-29 20:23:32 [main] INFO  c.e.d.controller.ProductsController - Attempt to delete product with ID: 1
2025-05-29 20:23:32 [main] INFO  c.e.d.controller.ProductsController - Product ID 1 deleted successfully
2025-05-29 20:23:32 [main] INFO  c.e.d.controller.ProductsController - Attempt to create new product: com.example.demo.model.Products@6f9329f3
2025-05-29 20:23:32 [main] INFO  c.e.d.controller.ProductsController - Product created successfully with ID: 1
2025-05-29 20:23:32 [main] INFO  c.e.demo.controller.UsersController - UsersController initialized
2025-05-29 20:23:32 [main] INFO  c.e.demo.controller.UsersController - UsersController initialized
2025-05-29 20:23:32 [main] INFO  c.e.demo.controller.UsersController - UsersController initialized
2025-05-29 20:23:32 [main] WARN  c.e.demo.controller.UsersController - User with ID 1 not found
2025-05-29 20:23:32 [main] INFO  c.e.demo.controller.UsersController - UsersController initialized
2025-05-29 20:23:32 [main] INFO  c.e.demo.controller.UsersController - Attempt to delete user with ID: 1
2025-05-29 20:23:32 [main] INFO  c.e.demo.controller.UsersController - User ID 1 deleted successfully
2025-05-29 20:23:32 [main] INFO  c.e.demo.controller.UsersController - UsersController initialized
2025-05-29 20:23:32 [main] INFO  c.e.demo.controller.UsersController - UsersController initialized
2025-05-29 20:23:32 [main] INFO  c.e.demo.controller.UsersController - Attempt to update user ID 1 with data: com.example.demo.model.Users@2cfe5f7c
2025-05-29 20:23:32 [main] INFO  c.e.demo.controller.UsersController - User ID 1 updated successfully
2025-05-29 20:23:32 [main] INFO  c.e.demo.controller.UsersController - UsersController initialized
2025-05-29 20:23:32 [main] INFO  c.e.demo.controller.UsersController - Attempt to register new user with email: test@example.com
2025-05-29 20:23:32 [main] INFO  c.e.demo.controller.UsersController - User registered successfully with ID: 1
2025-05-29 20:23:32 [main] INFO  c.e.demo.controller.UsersController - UsersController initialized
2025-05-29 20:23:32 [main] INFO  c.e.demo.controller.UsersController - Attempt to register new user with email: test@example.com
2025-05-29 20:23:32 [main] ERROR c.e.demo.controller.UsersController - Error registering user: Email already exists
2025-05-29 20:23:32 [main] INFO  o.s.t.c.s.AnnotationConfigContextLoaderUtils - Could not detect default configuration classes for test class [com.example.demo.repository.OrdersRepositoryIntegrationTest]: OrdersRepositoryIntegrationTest does not declare any static, non-private, non-final, nested classes annotated with @Configuration.
2025-05-29 20:23:32 [main] INFO  o.s.b.t.c.SpringBootTestContextBootstrapper - Found @SpringBootConfiguration com.example.demo.SneakerKneeApplication for test class com.example.demo.repository.OrdersRepositoryIntegrationTest
2025-05-29 20:23:32 [main] INFO  c.e.d.r.OrdersRepositoryIntegrationTest - Starting OrdersRepositoryIntegrationTest using Java 17.0.12 with PID 11984 (started by matw in C:\Users\mat_m\IdeaProjects\SneakerKnee)
2025-05-29 20:23:32 [main] INFO  c.e.d.r.OrdersRepositoryIntegrationTest - The following 1 profile is active: "test"
2025-05-29 20:23:32 [main] INFO  o.s.d.r.c.RepositoryConfigurationDelegate - Bootstrapping Spring Data JPA repositories in DEFAULT mode.
2025-05-29 20:23:32 [main] INFO  o.s.d.r.c.RepositoryConfigurationDelegate - Finished Spring Data repository scanning in 13 ms. Found 3 JPA repository interfaces.
2025-05-29 20:23:32 [main] INFO  o.h.jpa.internal.util.LogHelper - HHH000204: Processing PersistenceUnitInfo [name: default]
2025-05-29 20:23:32 [main] INFO  o.h.c.i.RegionFactoryInitiator - HHH000026: Second-level cache disabled
2025-05-29 20:23:32 [main] INFO  o.s.o.j.p.SpringPersistenceUnitInfo - No LoadTimeWeaver setup: ignoring JPA class transformer
2025-05-29 20:23:32 [main] INFO  com.zaxxer.hikari.HikariDataSource - HikariPool-2 - Starting...
2025-05-29 20:23:32 [main] INFO  com.zaxxer.hikari.pool.HikariPool - HikariPool-2 - Added connection org.postgresql.jdbc.PgConnection@66041d36
2025-05-29 20:23:32 [main] INFO  com.zaxxer.hikari.HikariDataSource - HikariPool-2 - Start completed.
2025-05-29 20:23:32 [main] WARN  org.hibernate.orm.deprecation - HHH90000025: PostgreSQLDialect does not need to be specified explicitly using 'hibernate.dialect' (remove the property setting and it will be selected by default)
2025-05-29 20:23:32 [main] INFO  o.hibernate.orm.connections.pooling - HHH10001005: Database info:
	Database JDBC URL [Connecting through datasource 'HikariDataSource (HikariPool-2)']
	Database driver: undefined/unknown
	Database version: 17.5
	Autocommit mode: undefined/unknown
	Isolation level: undefined/unknown
	Minimum pool size: undefined/unknown
	Maximum pool size: undefined/unknown
2025-05-29 20:23:32 [main] INFO  o.h.e.t.j.p.i.JtaPlatformInitiator - HHH000489: No JTA platform available (set 'hibernate.transaction.jta.platform' to enable JTA platform integration)
2025-05-29 20:23:32 [main] INFO  o.s.o.j.LocalContainerEntityManagerFactoryBean - Initialized JPA EntityManagerFactory for persistence unit 'default'
2025-05-29 20:23:32 [main] INFO  o.s.s.c.a.a.c.InitializeUserDetailsBeanManagerConfigurer$InitializeUserDetailsManagerConfigurer - Global AuthenticationManager configured with UserDetailsService bean with name usersService
2025-05-29 20:23:32 [main] INFO  c.example.demo.service.OrdersService - OrdersService initialized
2025-05-29 20:23:32 [main] INFO  c.e.demo.service.ProductsService - ProductsService initialized
2025-05-29 20:23:32 [main] INFO  c.e.demo.controller.UsersController - UsersController initialized
2025-05-29 20:23:32 [main] WARN  o.s.b.a.o.j.JpaBaseConfiguration$JpaWebConfiguration - spring.jpa.open-in-view is enabled by default. Therefore, database queries may be performed during view rendering. Explicitly configure spring.jpa.open-in-view to disable this warning
2025-05-29 20:23:33 [main] INFO  c.e.d.r.OrdersRepositoryIntegrationTest - Started OrdersRepositoryIntegrationTest in 0.903 seconds (process running for 6.675)
2025-05-29 20:23:33 [main] INFO  o.s.t.c.s.AnnotationConfigContextLoaderUtils - Could not detect default configuration classes for test class [com.example.demo.repository.ProductsRepositoryIntegrationTest]: ProductsRepositoryIntegrationTest does not declare any static, non-private, non-final, nested classes annotated with @Configuration.
2025-05-29 20:23:33 [main] INFO  o.s.b.t.c.SpringBootTestContextBootstrapper - Found @SpringBootConfiguration com.example.demo.SneakerKneeApplication for test class com.example.demo.repository.ProductsRepositoryIntegrationTest
2025-05-29 20:23:33 [main] INFO  o.s.t.c.s.AnnotationConfigContextLoaderUtils - Could not detect default configuration classes for test class [com.example.demo.repository.UsersRepositoryIntegrationTest]: UsersRepositoryIntegrationTest does not declare any static, non-private, non-final, nested classes annotated with @Configuration.
2025-05-29 20:23:33 [main] INFO  o.s.b.t.c.SpringBootTestContextBootstrapper - Found @SpringBootConfiguration com.example.demo.SneakerKneeApplication for test class com.example.demo.repository.UsersRepositoryIntegrationTest
2025-05-29 20:23:33 [main] WARN  o.h.e.jdbc.spi.SqlExceptionHelper - SQL Error: 0, SQLState: 23505
2025-05-29 20:23:33 [main] ERROR o.h.e.jdbc.spi.SqlExceptionHelper - ОШИБКА: повторяющееся значение ключа нарушает ограничение уникальности "users_email_key"
  Подробности: Ключ "(email)=(unique@example.com)" уже существует.
2025-05-29 20:23:33 [main] INFO  o.s.t.c.s.AnnotationConfigContextLoaderUtils - Could not detect default configuration classes for test class [com.example.demo.security.JwtServiceTest]: JwtServiceTest does not declare any static, non-private, non-final, nested classes annotated with @Configuration.
2025-05-29 20:23:33 [main] INFO  o.s.b.t.c.SpringBootTestContextBootstrapper - Found @SpringBootConfiguration com.example.demo.SneakerKneeApplication for test class com.example.demo.security.JwtServiceTest
2025-05-29 20:23:33 [main] INFO  c.e.demo.security.JwtServiceTest - Starting JwtServiceTest using Java 17.0.12 with PID 11984 (started by matw in C:\Users\mat_m\IdeaProjects\SneakerKnee)
2025-05-29 20:23:33 [main] INFO  c.e.demo.security.JwtServiceTest - No active profile set, falling back to 1 default profile: "default"
2025-05-29 20:23:33 [main] INFO  o.s.d.r.c.RepositoryConfigurationDelegate - Bootstrapping Spring Data JPA repositories in DEFAULT mode.
2025-05-29 20:23:33 [main] INFO  o.s.d.r.c.RepositoryConfigurationDelegate - Finished Spring Data repository scanning in 9 ms. Found 3 JPA repository interfaces.
2025-05-29 20:23:33 [main] INFO  com.zaxxer.hikari.HikariDataSource - HikariPool-3 - Starting...
2025-05-29 20:23:33 [main] INFO  com.zaxxer.hikari.pool.HikariPool - HikariPool-3 - Added connection org.postgresql.jdbc.PgConnection@4f623753
2025-05-29 20:23:33 [main] INFO  com.zaxxer.hikari.HikariDataSource - HikariPool-3 - Start completed.
2025-05-29 20:23:33 [main] INFO  liquibase.database - Set default schema name to public
2025-05-29 20:23:33 [main] INFO  liquibase.changelog - Reading from public.databasechangelog
2025-05-29 20:23:33 [main] INFO  liquibase.ui - Database is up to date, no changesets to execute
2025-05-29 20:23:33 [main] INFO  liquibase.util - UPDATE SUMMARY
2025-05-29 20:23:33 [main] INFO  liquibase.util - Run:                          0
2025-05-29 20:23:33 [main] INFO  liquibase.util - Previously run:               4
2025-05-29 20:23:33 [main] INFO  liquibase.util - Filtered out:                 0
2025-05-29 20:23:33 [main] INFO  liquibase.util - -------------------------------
2025-05-29 20:23:33 [main] INFO  liquibase.util - Total change sets:            4
2025-05-29 20:23:33 [main] INFO  liquibase.util - Update summary generated
2025-05-29 20:23:33 [main] INFO  liquibase.command - Command execution complete
2025-05-29 20:23:33 [main] INFO  o.h.jpa.internal.util.LogHelper - HHH000204: Processing PersistenceUnitInfo [name: default]
2025-05-29 20:23:33 [main] INFO  o.h.c.i.RegionFactoryInitiator - HHH000026: Second-level cache disabled
2025-05-29 20:23:33 [main] INFO  o.s.o.j.p.SpringPersistenceUnitInfo - No LoadTimeWeaver setup: ignoring JPA class transformer
2025-05-29 20:23:33 [main] WARN  org.hibernate.orm.deprecation - HHH90000025: PostgreSQLDialect does not need to be specified explicitly using 'hibernate.dialect' (remove the property setting and it will be selected by default)
2025-05-29 20:23:33 [main] INFO  o.hibernate.orm.connections.pooling - HHH10001005: Database info:
	Database JDBC URL [Connecting through datasource 'HikariDataSource (HikariPool-3)']
	Database driver: undefined/unknown
	Database version: 17.5
	Autocommit mode: undefined/unknown
	Isolation level: undefined/unknown
	Minimum pool size: undefined/unknown
	Maximum pool size: undefined/unknown
2025-05-29 20:23:33 [main] INFO  o.h.e.t.j.p.i.JtaPlatformInitiator - HHH000489: No JTA platform available (set 'hibernate.transaction.jta.platform' to enable JTA platform integration)
2025-05-29 20:23:34 [main] INFO  o.s.o.j.LocalContainerEntityManagerFactoryBean - Initialized JPA EntityManagerFactory for persistence unit 'default'
2025-05-29 20:23:34 [main] INFO  o.s.s.c.a.a.c.InitializeUserDetailsBeanManagerConfigurer$InitializeUserDetailsManagerConfigurer - Global AuthenticationManager configured with UserDetailsService bean with name usersService
2025-05-29 20:23:34 [main] INFO  c.example.demo.service.OrdersService - OrdersService initialized
2025-05-29 20:23:34 [main] INFO  c.e.demo.service.ProductsService - ProductsService initialized
2025-05-29 20:23:34 [main] INFO  c.e.demo.controller.UsersController - UsersController initialized
2025-05-29 20:23:34 [main] WARN  o.s.b.a.o.j.JpaBaseConfiguration$JpaWebConfiguration - spring.jpa.open-in-view is enabled by default. Therefore, database queries may be performed during view rendering. Explicitly configure spring.jpa.open-in-view to disable this warning
2025-05-29 20:23:34 [main] INFO  c.e.demo.security.JwtServiceTest - Started JwtServiceTest in 0.675 seconds (process running for 7.807)
2025-05-29 20:23:34 [main] INFO  c.example.demo.service.OrdersService - OrdersService initialized
2025-05-29 20:23:34 [main] INFO  c.example.demo.service.OrdersService - Updating status for order ID: 1 to PROCESSING
2025-05-29 20:23:34 [main] INFO  c.example.demo.service.OrdersService - Order ID: 1 status updated to PROCESSING
2025-05-29 20:23:34 [main] INFO  c.example.demo.service.OrdersService - OrdersService initialized
2025-05-29 20:23:34 [main] INFO  c.example.demo.service.OrdersService - Cancelling order with ID: 1
2025-05-29 20:23:34 [main] INFO  c.example.demo.service.OrdersService - Order ID: 1 cancelled successfully
2025-05-29 20:23:34 [main] INFO  c.example.demo.service.OrdersService - OrdersService initialized
2025-05-29 20:23:34 [main] INFO  c.example.demo.service.OrdersService - Updating status for order ID: 1 to PROCESSING
2025-05-29 20:23:34 [main] ERROR c.example.demo.service.OrdersService - Order not found with ID: 1
2025-05-29 20:23:34 [main] ERROR c.example.demo.service.OrdersService - Error updating order status: Order not found
2025-05-29 20:23:34 [main] INFO  c.example.demo.service.OrdersService - OrdersService initialized
2025-05-29 20:23:34 [main] INFO  c.example.demo.service.OrdersService - OrdersService initialized
2025-05-29 20:23:34 [main] INFO  c.example.demo.service.OrdersService - Creating order for user ID: 1, products: [101], address: 123 Main St
2025-05-29 20:23:34 [main] ERROR c.example.demo.service.OrdersService - User not found with ID: 1
2025-05-29 20:23:34 [main] ERROR c.example.demo.service.OrdersService - Error creating order: User not found
2025-05-29 20:23:34 [main] INFO  c.example.demo.service.OrdersService - OrdersService initialized
2025-05-29 20:23:34 [main] INFO  c.example.demo.service.OrdersService - Cancelling order with ID: 1
2025-05-29 20:23:34 [main] ERROR c.example.demo.service.OrdersService - Order not found with ID: 1
2025-05-29 20:23:34 [main] ERROR c.example.demo.service.OrdersService - Error cancelling order: Order not found
2025-05-29 20:23:34 [main] INFO  c.example.demo.service.OrdersService - OrdersService initialized
2025-05-29 20:23:34 [main] INFO  c.example.demo.service.OrdersService - OrdersService initialized
2025-05-29 20:23:34 [main] INFO  c.example.demo.service.OrdersService - Creating order for user ID: 1, products: [101], address: 123 Main St
2025-05-29 20:23:34 [main] ERROR c.example.demo.service.OrdersService - Product not found with ID: 101
2025-05-29 20:23:34 [main] ERROR c.example.demo.service.OrdersService - Error creating order: Product not found: 101
2025-05-29 20:23:34 [main] INFO  c.example.demo.service.OrdersService - OrdersService initialized
2025-05-29 20:23:34 [main] INFO  c.example.demo.service.OrdersService - Creating order for user ID: 1, products: [101, 102], address: 123 Main St
2025-05-29 20:23:34 [main] INFO  c.example.demo.service.OrdersService - Order created successfully with ID: null
2025-05-29 20:23:34 [main] INFO  c.e.demo.service.ProductsService - ProductsService initialized
2025-05-29 20:23:34 [main] INFO  c.e.demo.service.ProductsService - ProductsService initialized
2025-05-29 20:23:34 [main] INFO  c.e.demo.service.ProductsService - ProductsService initialized
2025-05-29 20:23:34 [main] INFO  c.e.demo.service.ProductsService - Decreasing quantity for product ID 1 by 3
2025-05-29 20:23:34 [main] INFO  c.e.demo.service.ProductsService - Quantity decreased for product ID 1. New quantity: 7
2025-05-29 20:23:34 [main] INFO  c.e.demo.service.ProductsService - ProductsService initialized
2025-05-29 20:23:34 [main] INFO  c.e.demo.service.ProductsService - Updating product ID 1 with new details: com.example.demo.model.Products@153412a1
2025-05-29 20:23:34 [main] INFO  c.e.demo.service.ProductsService - Product ID 1 updated successfully
2025-05-29 20:23:34 [main] INFO  c.e.demo.service.ProductsService - ProductsService initialized
2025-05-29 20:23:34 [main] INFO  c.e.demo.service.ProductsService - ProductsService initialized
2025-05-29 20:23:34 [main] INFO  c.e.demo.service.ProductsService - Updating product ID 1 with new details: com.example.demo.model.Products@f69187c
2025-05-29 20:23:34 [main] ERROR c.e.demo.service.ProductsService - Product not found with ID: 1
2025-05-29 20:23:34 [main] ERROR c.e.demo.service.ProductsService - Error updating product ID 1: Product not found
2025-05-29 20:23:34 [main] INFO  c.e.demo.service.ProductsService - ProductsService initialized
2025-05-29 20:23:34 [main] INFO  c.e.demo.service.ProductsService - ProductsService initialized
2025-05-29 20:23:34 [main] INFO  c.e.demo.service.ProductsService - Deleting product with ID: 1
2025-05-29 20:23:34 [main] INFO  c.e.demo.service.ProductsService - Product ID 1 deleted successfully
2025-05-29 20:23:34 [main] INFO  c.e.demo.service.ProductsService - ProductsService initialized
2025-05-29 20:23:34 [main] INFO  c.e.demo.service.ProductsService - Creating new product: com.example.demo.model.Products@76ad04a1
2025-05-29 20:23:34 [main] INFO  c.e.demo.service.ProductsService - Product created successfully with ID: null
2025-05-29 20:23:34 [main] INFO  c.e.demo.service.ProductsService - ProductsService initialized
2025-05-29 20:23:34 [main] INFO  c.e.demo.service.ProductsService - Decreasing quantity for product ID 1 by 3
2025-05-29 20:23:34 [main] ERROR c.e.demo.service.ProductsService - Not enough stock for product ID 1. Requested: 3, Available: 2
2025-05-29 20:23:34 [main] ERROR c.e.demo.service.ProductsService - Error decreasing quantity for product ID 1: Not enough products in stock
2025-05-29 20:23:34 [main] INFO  c.example.demo.service.UsersService - Attempting to register new user with email: test@example.com
2025-05-29 20:23:34 [main] ERROR c.example.demo.service.UsersService - Registration failed - email already exists: test@example.com
2025-05-29 20:23:34 [main] INFO  c.example.demo.service.UsersService - Attempting to register new user with email: test@example.com
2025-05-29 20:23:34 [main] INFO  c.example.demo.service.UsersService - User registered successfully with ID: null
2025-05-29 20:23:34 [main] INFO  o.s.t.c.s.AnnotationConfigContextLoaderUtils - Could not detect default configuration classes for test class [com.example.demo.SneakerKneeApplicationTests]: SneakerKneeApplicationTests does not declare any static, non-private, non-final, nested classes annotated with @Configuration.
2025-05-29 20:23:34 [main] INFO  o.s.b.t.c.SpringBootTestContextBootstrapper - Found @SpringBootConfiguration com.example.demo.SneakerKneeApplication for test class com.example.demo.SneakerKneeApplicationTests
2025-05-29 20:23:34 [SpringApplicationShutdownHook] INFO  o.s.o.j.LocalContainerEntityManagerFactoryBean - Closing JPA EntityManagerFactory for persistence unit 'default'
2025-05-29 20:23:34 [SpringApplicationShutdownHook] INFO  com.zaxxer.hikari.HikariDataSource - HikariPool-1 - Shutdown initiated...
2025-05-29 20:23:34 [SpringApplicationShutdownHook] INFO  com.zaxxer.hikari.HikariDataSource - HikariPool-1 - Shutdown completed.
2025-05-29 20:23:34 [SpringApplicationShutdownHook] INFO  o.s.o.j.LocalContainerEntityManagerFactoryBean - Closing JPA EntityManagerFactory for persistence unit 'default'
2025-05-29 20:23:34 [SpringApplicationShutdownHook] INFO  com.zaxxer.hikari.HikariDataSource - HikariPool-2 - Shutdown initiated...
2025-05-29 20:23:34 [SpringApplicationShutdownHook] INFO  com.zaxxer.hikari.HikariDataSource - HikariPool-2 - Shutdown completed.
2025-05-29 20:23:34 [SpringApplicationShutdownHook] INFO  o.s.o.j.LocalContainerEntityManagerFactoryBean - Closing JPA EntityManagerFactory for persistence unit 'default'
2025-05-29 20:23:34 [SpringApplicationShutdownHook] INFO  com.zaxxer.hikari.HikariDataSource - HikariPool-3 - Shutdown initiated...
2025-05-29 20:23:34 [SpringApplicationShutdownHook] INFO  com.zaxxer.hikari.HikariDataSource - HikariPool-3 - Shutdown completed.
2025-05-29 20:57:24 [main] INFO  c.e.demo.SneakerKneeApplication - Starting SneakerKneeApplication using Java 17.0.12 with PID 9780 (C:\Users\mat_m\IdeaProjects\SneakerKnee\target\classes started by matw in C:\Users\mat_m\IdeaProjects\SneakerKnee)
2025-05-29 20:57:24 [main] INFO  c.e.demo.SneakerKneeApplication - No active profile set, falling back to 1 default profile: "default"
2025-05-29 20:57:25 [main] INFO  o.s.d.r.c.RepositoryConfigurationDelegate - Bootstrapping Spring Data JPA repositories in DEFAULT mode.
2025-05-29 20:57:25 [main] INFO  o.s.d.r.c.RepositoryConfigurationDelegate - Finished Spring Data repository scanning in 50 ms. Found 3 JPA repository interfaces.
2025-05-29 20:57:26 [main] INFO  o.s.b.w.e.tomcat.TomcatWebServer - Tomcat initialized with port 8080 (http)
2025-05-29 20:57:26 [main] INFO  o.a.catalina.core.StandardService - Starting service [Tomcat]
2025-05-29 20:57:26 [main] INFO  o.a.catalina.core.StandardEngine - Starting Servlet engine: [Apache Tomcat/10.1.39]
2025-05-29 20:57:26 [main] INFO  o.a.c.c.C.[Tomcat].[localhost].[/] - Initializing Spring embedded WebApplicationContext
2025-05-29 20:57:26 [main] INFO  o.s.b.w.s.c.ServletWebServerApplicationContext - Root WebApplicationContext: initialization completed in 1385 ms
2025-05-29 20:57:26 [main] INFO  com.zaxxer.hikari.HikariDataSource - HikariPool-1 - Starting...
2025-05-29 20:57:26 [main] INFO  com.zaxxer.hikari.pool.HikariPool - HikariPool-1 - Added connection org.postgresql.jdbc.PgConnection@7ccd611e
2025-05-29 20:57:26 [main] INFO  com.zaxxer.hikari.HikariDataSource - HikariPool-1 - Start completed.
2025-05-29 20:57:26 [main] INFO  liquibase.database - Set default schema name to public
2025-05-29 20:57:26 [main] INFO  liquibase.changelog - Creating database history table with name: public.databasechangelog
2025-05-29 20:57:26 [main] INFO  liquibase.changelog - Reading from public.databasechangelog
2025-05-29 20:57:26 [main] INFO  liquibase.lockservice - Successfully acquired change log lock
2025-05-29 20:57:27 [main] INFO  liquibase.command - Using deploymentId: 8537847000
2025-05-29 20:57:27 [main] INFO  liquibase.changelog - Reading from public.databasechangelog
2025-05-29 20:57:27 [main] INFO  liquibase.ui - Running Changeset: db/changelog/db.changelog-1.0.xml::1::bochkarev
2025-05-29 20:57:27 [main] INFO  liquibase.changelog - Table users created
2025-05-29 20:57:27 [main] INFO  liquibase.changelog - ChangeSet db/changelog/db.changelog-1.0.xml::1::bochkarev ran successfully in 9ms
2025-05-29 20:57:27 [main] INFO  liquibase.ui - Running Changeset: db/changelog/db.changelog-1.0.xml::2::bochkarev
2025-05-29 20:57:27 [main] INFO  liquibase.changelog - Table products created
2025-05-29 20:57:27 [main] INFO  liquibase.changelog - ChangeSet db/changelog/db.changelog-1.0.xml::2::bochkarev ran successfully in 9ms
2025-05-29 20:57:27 [main] INFO  liquibase.ui - Running Changeset: db/changelog/db.changelog-1.0.xml::3::bochkarev
2025-05-29 20:57:27 [main] INFO  liquibase.changelog - Table orders created
2025-05-29 20:57:27 [main] INFO  liquibase.changelog - ChangeSet db/changelog/db.changelog-1.0.xml::3::bochkarev ran successfully in 8ms
2025-05-29 20:57:27 [main] INFO  liquibase.ui - Running Changeset: db/changelog/db.changelog-1.0.xml::4::bochkarev
2025-05-29 20:57:27 [main] INFO  liquibase.changelog - Columns role(varchar(50)) added to users
2025-05-29 20:57:27 [main] INFO  liquibase.changelog - ChangeSet db/changelog/db.changelog-1.0.xml::4::bochkarev ran successfully in 2ms
2025-05-29 20:57:27 [main] INFO  liquibase.util - UPDATE SUMMARY
2025-05-29 20:57:27 [main] INFO  liquibase.util - Run:                          4
2025-05-29 20:57:27 [main] INFO  liquibase.util - Previously run:               0
2025-05-29 20:57:27 [main] INFO  liquibase.util - Filtered out:                 0
2025-05-29 20:57:27 [main] INFO  liquibase.util - -------------------------------
2025-05-29 20:57:27 [main] INFO  liquibase.util - Total change sets:            4
2025-05-29 20:57:27 [main] INFO  liquibase.util - Update summary generated
2025-05-29 20:57:27 [main] INFO  liquibase.command - Update command completed successfully.
2025-05-29 20:57:27 [main] INFO  liquibase.ui - Liquibase: Update has been successful. Rows affected: 4
2025-05-29 20:57:27 [main] INFO  liquibase.lockservice - Successfully released change log lock
2025-05-29 20:57:27 [main] INFO  liquibase.command - Command execution complete
2025-05-29 20:57:27 [main] INFO  o.h.jpa.internal.util.LogHelper - HHH000204: Processing PersistenceUnitInfo [name: default]
2025-05-29 20:57:27 [main] INFO  org.hibernate.Version - HHH000412: Hibernate ORM core version 6.6.11.Final
2025-05-29 20:57:27 [main] INFO  o.h.c.i.RegionFactoryInitiator - HHH000026: Second-level cache disabled
2025-05-29 20:57:27 [main] INFO  o.s.o.j.p.SpringPersistenceUnitInfo - No LoadTimeWeaver setup: ignoring JPA class transformer
2025-05-29 20:57:27 [main] WARN  org.hibernate.orm.deprecation - HHH90000025: PostgreSQLDialect does not need to be specified explicitly using 'hibernate.dialect' (remove the property setting and it will be selected by default)
2025-05-29 20:57:27 [main] INFO  o.hibernate.orm.connections.pooling - HHH10001005: Database info:
	Database JDBC URL [Connecting through datasource 'HikariDataSource (HikariPool-1)']
	Database driver: undefined/unknown
	Database version: 17.5
	Autocommit mode: undefined/unknown
	Isolation level: undefined/unknown
	Minimum pool size: undefined/unknown
	Maximum pool size: undefined/unknown
2025-05-29 20:57:28 [main] INFO  o.h.e.t.j.p.i.JtaPlatformInitiator - HHH000489: No JTA platform available (set 'hibernate.transaction.jta.platform' to enable JTA platform integration)
2025-05-29 20:57:28 [main] INFO  o.s.o.j.LocalContainerEntityManagerFactoryBean - Initialized JPA EntityManagerFactory for persistence unit 'default'
2025-05-29 20:57:28 [main] INFO  o.s.s.c.a.a.c.InitializeUserDetailsBeanManagerConfigurer$InitializeUserDetailsManagerConfigurer - Global AuthenticationManager configured with UserDetailsService bean with name usersService
2025-05-29 20:57:28 [main] INFO  o.s.d.j.r.query.QueryEnhancerFactory - Hibernate is in classpath; If applicable, HQL parser will be used.
2025-05-29 20:57:28 [main] INFO  c.example.demo.service.OrdersService - OrdersService initialized
2025-05-29 20:57:29 [main] INFO  c.e.demo.service.ProductsService - ProductsService initialized
2025-05-29 20:57:29 [main] INFO  c.e.demo.controller.UsersController - UsersController initialized
2025-05-29 20:57:29 [main] WARN  o.s.b.a.o.j.JpaBaseConfiguration$JpaWebConfiguration - spring.jpa.open-in-view is enabled by default. Therefore, database queries may be performed during view rendering. Explicitly configure spring.jpa.open-in-view to disable this warning
2025-05-29 20:57:29 [main] INFO  o.s.b.w.e.tomcat.TomcatWebServer - Tomcat started on port 8080 (http) with context path '/'
2025-05-29 20:57:29 [main] INFO  c.e.demo.SneakerKneeApplication - Started SneakerKneeApplication in 5.498 seconds (process running for 5.818)
2025-05-29 20:57:31 [SpringApplicationShutdownHook] INFO  o.s.b.w.e.tomcat.GracefulShutdown - Commencing graceful shutdown. Waiting for active requests to complete
2025-05-29 20:57:31 [tomcat-shutdown] INFO  o.s.b.w.e.tomcat.GracefulShutdown - Graceful shutdown complete
2025-05-29 20:57:31 [SpringApplicationShutdownHook] INFO  o.s.o.j.LocalContainerEntityManagerFactoryBean - Closing JPA EntityManagerFactory for persistence unit 'default'
2025-05-29 20:57:31 [SpringApplicationShutdownHook] INFO  com.zaxxer.hikari.HikariDataSource - HikariPool-1 - Shutdown initiated...
2025-05-29 20:57:31 [SpringApplicationShutdownHook] INFO  com.zaxxer.hikari.HikariDataSource - HikariPool-1 - Shutdown completed.
